<?xml version="1.0" encoding="UTF-8"?>
<!-- Generated by org.testng.reporters.JUnitReportReporter -->
<testsuite hostname="DESKTOP-2G9V72L" failures="0" tests="1" name="testngproject.annotations" time="0.006" errors="0" timestamp="2021-12-12T12:26:05 IST" skipped="0">
  <testcase classname="testngproject.annotations" name="f" time="0.006"/>
  <system-out/>
</testsuite> <!-- testngproject.annotations -->
