<?xml version="1.0" encoding="UTF-8"?>
<!-- Generated by org.testng.reporters.JUnitReportReporter -->
<testsuite hostname="DESKTOP-2G9V72L" failures="0" tests="1" name="testngproject.testngexe" time="0.017" errors="0" timestamp="2021-12-12T21:44:40 IST" skipped="0">
  <testcase classname="testngproject.testngexe" name="login" time="0.017"/>
  <system-out/>
</testsuite> <!-- testngproject.testngexe -->
