<?xml version="1.0" encoding="UTF-8"?>
<!-- Generated by org.testng.reporters.JUnitReportReporter -->
<testsuite hostname="DESKTOP-2G9V72L" failures="0" tests="1" name="testngproject.frameworks" time="14.956" errors="0" timestamp="2021-12-14T10:19:52 IST" skipped="0">
  <testcase classname="testngproject.frameworks" name="f" time="14.956"/>
  <system-out/>
</testsuite> <!-- testngproject.frameworks -->
