<?xml version="1.0" encoding="UTF-8"?>
<!-- Generated by org.testng.reporters.JUnitReportReporter -->
<testsuite hostname="DESKTOP-2G9V72L" failures="0" tests="1" name="testngproject1.windowshandle" time="49.135" errors="0" timestamp="2021-12-21T11:34:58 IST" skipped="0">
  <testcase classname="testngproject1.windowshandle" name="main" time="49.135"/>
  <system-out/>
</testsuite> <!-- testngproject1.windowshandle -->
