<?xml version="1.0" encoding="UTF-8"?>
<!-- Generated by org.testng.reporters.JUnitReportReporter -->
<testsuite hostname="DESKTOP-2G9V72L" failures="0" tests="1" name="testngproject1.takescreenshots" time="7.082" errors="0" timestamp="2021-12-17T12:07:33 IST" skipped="0">
  <testcase classname="testngproject1.takescreenshots" name="takeScreenshot" time="7.082"/>
  <system-out/>
</testsuite> <!-- testngproject1.takescreenshots -->
